Copyright 1986-2018 Xilinx, Inc. All Rights Reserved.
--------------------------------------------------------------------------------------------------------------------------------------------------------------------------------------------------
| Tool Version : Vivado v.2018.3 (win64) Build 2405991 Thu Dec  6 23:38:27 MST 2018
| Date         : Tue Oct 18 15:31:08 2022
| Host         : hwl3-vb004 running 64-bit major release  (build 9200)
| Command      : report_timing_summary -max_paths 10 -file segtoggle_timing_summary_routed.rpt -pb segtoggle_timing_summary_routed.pb -rpx segtoggle_timing_summary_routed.rpx -warn_on_violation
| Design       : segtoggle
| Device       : 7a35t-cpg236
| Speed File   : -1  PRODUCTION 1.23 2018-06-13
--------------------------------------------------------------------------------------------------------------------------------------------------------------------------------------------------

Timing Summary Report

------------------------------------------------------------------------------------------------
| Timer Settings
| --------------
------------------------------------------------------------------------------------------------

  Enable Multi Corner Analysis               :  Yes
  Enable Pessimism Removal                   :  Yes
  Pessimism Removal Resolution               :  Nearest Common Node
  Enable Input Delay Default Clock           :  No
  Enable Preset / Clear Arcs                 :  No
  Disable Flight Delays                      :  No
  Ignore I/O Paths                           :  No
  Timing Early Launch at Borrowing Latches   :  false

  Corner  Analyze    Analyze    
  Name    Max Paths  Min Paths  
  ------  ---------  ---------  
  Slow    Yes        Yes        
  Fast    Yes        Yes        



check_timing report

Table of Contents
-----------------
1. checking no_clock
2. checking constant_clock
3. checking pulse_width_clock
4. checking unconstrained_internal_endpoints
5. checking no_input_delay
6. checking no_output_delay
7. checking multiple_clock
8. checking generated_clocks
9. checking loops
10. checking partial_input_delay
11. checking partial_output_delay
12. checking latch_loops

1. checking no_clock
--------------------
 There are 0 register/latch pins with no clock.


2. checking constant_clock
--------------------------
 There are 0 register/latch pins with constant_clock.


3. checking pulse_width_clock
-----------------------------
 There are 0 register/latch pins which need pulse_width check


4. checking unconstrained_internal_endpoints
--------------------------------------------
 There are 0 pins that are not constrained for maximum delay.

 There are 0 pins that are not constrained for maximum delay due to constant clock.


5. checking no_input_delay
--------------------------
 There is 1 input port with no input delay specified. (HIGH)

 There are 0 input ports with no input delay but user has a false path constraint.


6. checking no_output_delay
---------------------------
 There are 9 ports with no output delay specified. (HIGH)

 There are 0 ports with no output delay but user has a false path constraint

 There are 0 ports with no output delay but with a timing clock defined on it or propagating through it


7. checking multiple_clock
--------------------------
 There are 0 register/latch pins with multiple clocks.


8. checking generated_clocks
----------------------------
 There are 0 generated clocks that are not connected to a clock source.


9. checking loops
-----------------
 There are 0 combinational loops in the design.


10. checking partial_input_delay
--------------------------------
 There are 0 input ports with partial input delay specified.


11. checking partial_output_delay
---------------------------------
 There are 0 ports with partial output delay specified.


12. checking latch_loops
------------------------
 There are 0 combinational latch loops in the design through latch input



------------------------------------------------------------------------------------------------
| Design Timing Summary
| ---------------------
------------------------------------------------------------------------------------------------

    WNS(ns)      TNS(ns)  TNS Failing Endpoints  TNS Total Endpoints      WHS(ns)      THS(ns)  THS Failing Endpoints  THS Total Endpoints     WPWS(ns)     TPWS(ns)  TPWS Failing Endpoints  TPWS Total Endpoints  
    -------      -------  ---------------------  -------------------      -------      -------  ---------------------  -------------------     --------     --------  ----------------------  --------------------  
      7.431        0.000                      0                   20        0.324        0.000                      0                   20        4.500        0.000                       0                    21  


All user specified timing constraints are met.


------------------------------------------------------------------------------------------------
| Clock Summary
| -------------
------------------------------------------------------------------------------------------------

Clock        Waveform(ns)       Period(ns)      Frequency(MHz)
-----        ------------       ----------      --------------
sys_clk_pin  {0.000 5.000}      10.000          100.000         


------------------------------------------------------------------------------------------------
| Intra Clock Table
| -----------------
------------------------------------------------------------------------------------------------

Clock             WNS(ns)      TNS(ns)  TNS Failing Endpoints  TNS Total Endpoints      WHS(ns)      THS(ns)  THS Failing Endpoints  THS Total Endpoints     WPWS(ns)     TPWS(ns)  TPWS Failing Endpoints  TPWS Total Endpoints  
-----             -------      -------  ---------------------  -------------------      -------      -------  ---------------------  -------------------     --------     --------  ----------------------  --------------------  
sys_clk_pin         7.431        0.000                      0                   20        0.324        0.000                      0                   20        4.500        0.000                       0                    21  


------------------------------------------------------------------------------------------------
| Inter Clock Table
| -----------------
------------------------------------------------------------------------------------------------

From Clock    To Clock          WNS(ns)      TNS(ns)  TNS Failing Endpoints  TNS Total Endpoints      WHS(ns)      THS(ns)  THS Failing Endpoints  THS Total Endpoints  
----------    --------          -------      -------  ---------------------  -------------------      -------      -------  ---------------------  -------------------  


------------------------------------------------------------------------------------------------
| Other Path Groups Table
| -----------------------
------------------------------------------------------------------------------------------------

Path Group    From Clock    To Clock          WNS(ns)      TNS(ns)  TNS Failing Endpoints  TNS Total Endpoints      WHS(ns)      THS(ns)  THS Failing Endpoints  THS Total Endpoints  
----------    ----------    --------          -------      -------  ---------------------  -------------------      -------      -------  ---------------------  -------------------  


------------------------------------------------------------------------------------------------
| Timing Details
| --------------
------------------------------------------------------------------------------------------------


---------------------------------------------------------------------------------------------------
From Clock:  sys_clk_pin
  To Clock:  sys_clk_pin

Setup :            0  Failing Endpoints,  Worst Slack        7.431ns,  Total Violation        0.000ns
Hold  :            0  Failing Endpoints,  Worst Slack        0.324ns,  Total Violation        0.000ns
PW    :            0  Failing Endpoints,  Worst Slack        4.500ns,  Total Violation        0.000ns
---------------------------------------------------------------------------------------------------


Max Delay Paths
--------------------------------------------------------------------------------------
Slack (MET) :             7.431ns  (required time - arrival time)
  Source:                 count_reg[1]/C
                            (rising edge-triggered cell FDRE clocked by sys_clk_pin  {rise@0.000ns fall@5.000ns period=10.000ns})
  Destination:            count_reg[17]/D
                            (rising edge-triggered cell FDRE clocked by sys_clk_pin  {rise@0.000ns fall@5.000ns period=10.000ns})
  Path Group:             sys_clk_pin
  Path Type:              Setup (Max at Slow Process Corner)
  Requirement:            10.000ns  (sys_clk_pin rise@10.000ns - sys_clk_pin rise@0.000ns)
  Data Path Delay:        2.568ns  (logic 1.806ns (70.331%)  route 0.762ns (29.669%))
  Logic Levels:           5  (CARRY4=5)
  Clock Path Skew:        -0.028ns (DCD - SCD + CPR)
    Destination Clock Delay (DCD):    4.853ns = ( 14.853 - 10.000 ) 
    Source Clock Delay      (SCD):    5.155ns
    Clock Pessimism Removal (CPR):    0.274ns
  Clock Uncertainty:      0.035ns  ((TSJ^2 + TIJ^2)^1/2 + DJ) / 2 + PE
    Total System Jitter     (TSJ):    0.071ns
    Total Input Jitter      (TIJ):    0.000ns
    Discrete Jitter          (DJ):    0.000ns
    Phase Error              (PE):    0.000ns

    Location             Delay type                Incr(ns)  Path(ns)    Netlist Resource(s)
  -------------------------------------------------------------------    -------------------
                         (clock sys_clk_pin rise edge)
                                                      0.000     0.000 r  
    W5                                                0.000     0.000 r  clk (IN)
                         net (fo=0)                   0.000     0.000    clk
    W5                   IBUF (Prop_ibuf_I_O)         1.458     1.458 r  clk_IBUF_inst/O
                         net (fo=1, routed)           1.967     3.425    clk_IBUF
    BUFGCTRL_X0Y0        BUFG (Prop_bufg_I_O)         0.096     3.521 r  clk_IBUF_BUFG_inst/O
                         net (fo=20, routed)          1.634     5.155    clk_IBUF_BUFG
    SLICE_X0Y12          FDRE                                         r  count_reg[1]/C
  -------------------------------------------------------------------    -------------------
    SLICE_X0Y12          FDRE (Prop_fdre_C_Q)         0.456     5.611 r  count_reg[1]/Q
                         net (fo=1, routed)           0.762     6.373    count_reg_n_0_[1]
    SLICE_X0Y12          CARRY4 (Prop_carry4_S[1]_CO[3])
                                                      0.674     7.047 r  count_reg[0]_i_1/CO[3]
                         net (fo=1, routed)           0.000     7.047    count_reg[0]_i_1_n_0
    SLICE_X0Y13          CARRY4 (Prop_carry4_CI_CO[3])
                                                      0.114     7.161 r  count_reg[4]_i_1/CO[3]
                         net (fo=1, routed)           0.000     7.161    count_reg[4]_i_1_n_0
    SLICE_X0Y14          CARRY4 (Prop_carry4_CI_CO[3])
                                                      0.114     7.275 r  count_reg[8]_i_1/CO[3]
                         net (fo=1, routed)           0.000     7.275    count_reg[8]_i_1_n_0
    SLICE_X0Y15          CARRY4 (Prop_carry4_CI_CO[3])
                                                      0.114     7.389 r  count_reg[12]_i_1/CO[3]
                         net (fo=1, routed)           0.000     7.389    count_reg[12]_i_1_n_0
    SLICE_X0Y16          CARRY4 (Prop_carry4_CI_O[1])
                                                      0.334     7.723 r  count_reg[16]_i_1/O[1]
                         net (fo=1, routed)           0.000     7.723    count_reg[16]_i_1_n_6
    SLICE_X0Y16          FDRE                                         r  count_reg[17]/D
  -------------------------------------------------------------------    -------------------

                         (clock sys_clk_pin rise edge)
                                                     10.000    10.000 r  
    W5                                                0.000    10.000 r  clk (IN)
                         net (fo=0)                   0.000    10.000    clk
    W5                   IBUF (Prop_ibuf_I_O)         1.388    11.388 r  clk_IBUF_inst/O
                         net (fo=1, routed)           1.862    13.250    clk_IBUF
    BUFGCTRL_X0Y0        BUFG (Prop_bufg_I_O)         0.091    13.341 r  clk_IBUF_BUFG_inst/O
                         net (fo=20, routed)          1.512    14.853    clk_IBUF_BUFG
    SLICE_X0Y16          FDRE                                         r  count_reg[17]/C
                         clock pessimism              0.274    15.127    
                         clock uncertainty           -0.035    15.092    
    SLICE_X0Y16          FDRE (Setup_fdre_C_D)        0.062    15.154    count_reg[17]
  -------------------------------------------------------------------
                         required time                         15.154    
                         arrival time                          -7.723    
  -------------------------------------------------------------------
                         slack                                  7.431    

Slack (MET) :             7.452ns  (required time - arrival time)
  Source:                 count_reg[1]/C
                            (rising edge-triggered cell FDRE clocked by sys_clk_pin  {rise@0.000ns fall@5.000ns period=10.000ns})
  Destination:            count_reg[19]/D
                            (rising edge-triggered cell FDRE clocked by sys_clk_pin  {rise@0.000ns fall@5.000ns period=10.000ns})
  Path Group:             sys_clk_pin
  Path Type:              Setup (Max at Slow Process Corner)
  Requirement:            10.000ns  (sys_clk_pin rise@10.000ns - sys_clk_pin rise@0.000ns)
  Data Path Delay:        2.547ns  (logic 1.785ns (70.086%)  route 0.762ns (29.914%))
  Logic Levels:           5  (CARRY4=5)
  Clock Path Skew:        -0.028ns (DCD - SCD + CPR)
    Destination Clock Delay (DCD):    4.853ns = ( 14.853 - 10.000 ) 
    Source Clock Delay      (SCD):    5.155ns
    Clock Pessimism Removal (CPR):    0.274ns
  Clock Uncertainty:      0.035ns  ((TSJ^2 + TIJ^2)^1/2 + DJ) / 2 + PE
    Total System Jitter     (TSJ):    0.071ns
    Total Input Jitter      (TIJ):    0.000ns
    Discrete Jitter          (DJ):    0.000ns
    Phase Error              (PE):    0.000ns

    Location             Delay type                Incr(ns)  Path(ns)    Netlist Resource(s)
  -------------------------------------------------------------------    -------------------
                         (clock sys_clk_pin rise edge)
                                                      0.000     0.000 r  
    W5                                                0.000     0.000 r  clk (IN)
                         net (fo=0)                   0.000     0.000    clk
    W5                   IBUF (Prop_ibuf_I_O)         1.458     1.458 r  clk_IBUF_inst/O
                         net (fo=1, routed)           1.967     3.425    clk_IBUF
    BUFGCTRL_X0Y0        BUFG (Prop_bufg_I_O)         0.096     3.521 r  clk_IBUF_BUFG_inst/O
                         net (fo=20, routed)          1.634     5.155    clk_IBUF_BUFG
    SLICE_X0Y12          FDRE                                         r  count_reg[1]/C
  -------------------------------------------------------------------    -------------------
    SLICE_X0Y12          FDRE (Prop_fdre_C_Q)         0.456     5.611 r  count_reg[1]/Q
                         net (fo=1, routed)           0.762     6.373    count_reg_n_0_[1]
    SLICE_X0Y12          CARRY4 (Prop_carry4_S[1]_CO[3])
                                                      0.674     7.047 r  count_reg[0]_i_1/CO[3]
                         net (fo=1, routed)           0.000     7.047    count_reg[0]_i_1_n_0
    SLICE_X0Y13          CARRY4 (Prop_carry4_CI_CO[3])
                                                      0.114     7.161 r  count_reg[4]_i_1/CO[3]
                         net (fo=1, routed)           0.000     7.161    count_reg[4]_i_1_n_0
    SLICE_X0Y14          CARRY4 (Prop_carry4_CI_CO[3])
                                                      0.114     7.275 r  count_reg[8]_i_1/CO[3]
                         net (fo=1, routed)           0.000     7.275    count_reg[8]_i_1_n_0
    SLICE_X0Y15          CARRY4 (Prop_carry4_CI_CO[3])
                                                      0.114     7.389 r  count_reg[12]_i_1/CO[3]
                         net (fo=1, routed)           0.000     7.389    count_reg[12]_i_1_n_0
    SLICE_X0Y16          CARRY4 (Prop_carry4_CI_O[3])
                                                      0.313     7.702 r  count_reg[16]_i_1/O[3]
                         net (fo=1, routed)           0.000     7.702    count_reg[16]_i_1_n_4
    SLICE_X0Y16          FDRE                                         r  count_reg[19]/D
  -------------------------------------------------------------------    -------------------

                         (clock sys_clk_pin rise edge)
                                                     10.000    10.000 r  
    W5                                                0.000    10.000 r  clk (IN)
                         net (fo=0)                   0.000    10.000    clk
    W5                   IBUF (Prop_ibuf_I_O)         1.388    11.388 r  clk_IBUF_inst/O
                         net (fo=1, routed)           1.862    13.250    clk_IBUF
    BUFGCTRL_X0Y0        BUFG (Prop_bufg_I_O)         0.091    13.341 r  clk_IBUF_BUFG_inst/O
                         net (fo=20, routed)          1.512    14.853    clk_IBUF_BUFG
    SLICE_X0Y16          FDRE                                         r  count_reg[19]/C
                         clock pessimism              0.274    15.127    
                         clock uncertainty           -0.035    15.092    
    SLICE_X0Y16          FDRE (Setup_fdre_C_D)        0.062    15.154    count_reg[19]
  -------------------------------------------------------------------
                         required time                         15.154    
                         arrival time                          -7.702    
  -------------------------------------------------------------------
                         slack                                  7.452    

Slack (MET) :             7.526ns  (required time - arrival time)
  Source:                 count_reg[1]/C
                            (rising edge-triggered cell FDRE clocked by sys_clk_pin  {rise@0.000ns fall@5.000ns period=10.000ns})
  Destination:            count_reg[18]/D
                            (rising edge-triggered cell FDRE clocked by sys_clk_pin  {rise@0.000ns fall@5.000ns period=10.000ns})
  Path Group:             sys_clk_pin
  Path Type:              Setup (Max at Slow Process Corner)
  Requirement:            10.000ns  (sys_clk_pin rise@10.000ns - sys_clk_pin rise@0.000ns)
  Data Path Delay:        2.473ns  (logic 1.711ns (69.191%)  route 0.762ns (30.809%))
  Logic Levels:           5  (CARRY4=5)
  Clock Path Skew:        -0.028ns (DCD - SCD + CPR)
    Destination Clock Delay (DCD):    4.853ns = ( 14.853 - 10.000 ) 
    Source Clock Delay      (SCD):    5.155ns
    Clock Pessimism Removal (CPR):    0.274ns
  Clock Uncertainty:      0.035ns  ((TSJ^2 + TIJ^2)^1/2 + DJ) / 2 + PE
    Total System Jitter     (TSJ):    0.071ns
    Total Input Jitter      (TIJ):    0.000ns
    Discrete Jitter          (DJ):    0.000ns
    Phase Error              (PE):    0.000ns

    Location             Delay type                Incr(ns)  Path(ns)    Netlist Resource(s)
  -------------------------------------------------------------------    -------------------
                         (clock sys_clk_pin rise edge)
                                                      0.000     0.000 r  
    W5                                                0.000     0.000 r  clk (IN)
                         net (fo=0)                   0.000     0.000    clk
    W5                   IBUF (Prop_ibuf_I_O)         1.458     1.458 r  clk_IBUF_inst/O
                         net (fo=1, routed)           1.967     3.425    clk_IBUF
    BUFGCTRL_X0Y0        BUFG (Prop_bufg_I_O)         0.096     3.521 r  clk_IBUF_BUFG_inst/O
                         net (fo=20, routed)          1.634     5.155    clk_IBUF_BUFG
    SLICE_X0Y12          FDRE                                         r  count_reg[1]/C
  -------------------------------------------------------------------    -------------------
    SLICE_X0Y12          FDRE (Prop_fdre_C_Q)         0.456     5.611 r  count_reg[1]/Q
                         net (fo=1, routed)           0.762     6.373    count_reg_n_0_[1]
    SLICE_X0Y12          CARRY4 (Prop_carry4_S[1]_CO[3])
                                                      0.674     7.047 r  count_reg[0]_i_1/CO[3]
                         net (fo=1, routed)           0.000     7.047    count_reg[0]_i_1_n_0
    SLICE_X0Y13          CARRY4 (Prop_carry4_CI_CO[3])
                                                      0.114     7.161 r  count_reg[4]_i_1/CO[3]
                         net (fo=1, routed)           0.000     7.161    count_reg[4]_i_1_n_0
    SLICE_X0Y14          CARRY4 (Prop_carry4_CI_CO[3])
                                                      0.114     7.275 r  count_reg[8]_i_1/CO[3]
                         net (fo=1, routed)           0.000     7.275    count_reg[8]_i_1_n_0
    SLICE_X0Y15          CARRY4 (Prop_carry4_CI_CO[3])
                                                      0.114     7.389 r  count_reg[12]_i_1/CO[3]
                         net (fo=1, routed)           0.000     7.389    count_reg[12]_i_1_n_0
    SLICE_X0Y16          CARRY4 (Prop_carry4_CI_O[2])
                                                      0.239     7.628 r  count_reg[16]_i_1/O[2]
                         net (fo=1, routed)           0.000     7.628    count_reg[16]_i_1_n_5
    SLICE_X0Y16          FDRE                                         r  count_reg[18]/D
  -------------------------------------------------------------------    -------------------

                         (clock sys_clk_pin rise edge)
                                                     10.000    10.000 r  
    W5                                                0.000    10.000 r  clk (IN)
                         net (fo=0)                   0.000    10.000    clk
    W5                   IBUF (Prop_ibuf_I_O)         1.388    11.388 r  clk_IBUF_inst/O
                         net (fo=1, routed)           1.862    13.250    clk_IBUF
    BUFGCTRL_X0Y0        BUFG (Prop_bufg_I_O)         0.091    13.341 r  clk_IBUF_BUFG_inst/O
                         net (fo=20, routed)          1.512    14.853    clk_IBUF_BUFG
    SLICE_X0Y16          FDRE                                         r  count_reg[18]/C
                         clock pessimism              0.274    15.127    
                         clock uncertainty           -0.035    15.092    
    SLICE_X0Y16          FDRE (Setup_fdre_C_D)        0.062    15.154    count_reg[18]
  -------------------------------------------------------------------
                         required time                         15.154    
                         arrival time                          -7.628    
  -------------------------------------------------------------------
                         slack                                  7.526    

Slack (MET) :             7.542ns  (required time - arrival time)
  Source:                 count_reg[1]/C
                            (rising edge-triggered cell FDRE clocked by sys_clk_pin  {rise@0.000ns fall@5.000ns period=10.000ns})
  Destination:            count_reg[16]/D
                            (rising edge-triggered cell FDRE clocked by sys_clk_pin  {rise@0.000ns fall@5.000ns period=10.000ns})
  Path Group:             sys_clk_pin
  Path Type:              Setup (Max at Slow Process Corner)
  Requirement:            10.000ns  (sys_clk_pin rise@10.000ns - sys_clk_pin rise@0.000ns)
  Data Path Delay:        2.457ns  (logic 1.695ns (68.990%)  route 0.762ns (31.010%))
  Logic Levels:           5  (CARRY4=5)
  Clock Path Skew:        -0.028ns (DCD - SCD + CPR)
    Destination Clock Delay (DCD):    4.853ns = ( 14.853 - 10.000 ) 
    Source Clock Delay      (SCD):    5.155ns
    Clock Pessimism Removal (CPR):    0.274ns
  Clock Uncertainty:      0.035ns  ((TSJ^2 + TIJ^2)^1/2 + DJ) / 2 + PE
    Total System Jitter     (TSJ):    0.071ns
    Total Input Jitter      (TIJ):    0.000ns
    Discrete Jitter          (DJ):    0.000ns
    Phase Error              (PE):    0.000ns

    Location             Delay type                Incr(ns)  Path(ns)    Netlist Resource(s)
  -------------------------------------------------------------------    -------------------
                         (clock sys_clk_pin rise edge)
                                                      0.000     0.000 r  
    W5                                                0.000     0.000 r  clk (IN)
                         net (fo=0)                   0.000     0.000    clk
    W5                   IBUF (Prop_ibuf_I_O)         1.458     1.458 r  clk_IBUF_inst/O
                         net (fo=1, routed)           1.967     3.425    clk_IBUF
    BUFGCTRL_X0Y0        BUFG (Prop_bufg_I_O)         0.096     3.521 r  clk_IBUF_BUFG_inst/O
                         net (fo=20, routed)          1.634     5.155    clk_IBUF_BUFG
    SLICE_X0Y12          FDRE                                         r  count_reg[1]/C
  -------------------------------------------------------------------    -------------------
    SLICE_X0Y12          FDRE (Prop_fdre_C_Q)         0.456     5.611 r  count_reg[1]/Q
                         net (fo=1, routed)           0.762     6.373    count_reg_n_0_[1]
    SLICE_X0Y12          CARRY4 (Prop_carry4_S[1]_CO[3])
                                                      0.674     7.047 r  count_reg[0]_i_1/CO[3]
                         net (fo=1, routed)           0.000     7.047    count_reg[0]_i_1_n_0
    SLICE_X0Y13          CARRY4 (Prop_carry4_CI_CO[3])
                                                      0.114     7.161 r  count_reg[4]_i_1/CO[3]
                         net (fo=1, routed)           0.000     7.161    count_reg[4]_i_1_n_0
    SLICE_X0Y14          CARRY4 (Prop_carry4_CI_CO[3])
                                                      0.114     7.275 r  count_reg[8]_i_1/CO[3]
                         net (fo=1, routed)           0.000     7.275    count_reg[8]_i_1_n_0
    SLICE_X0Y15          CARRY4 (Prop_carry4_CI_CO[3])
                                                      0.114     7.389 r  count_reg[12]_i_1/CO[3]
                         net (fo=1, routed)           0.000     7.389    count_reg[12]_i_1_n_0
    SLICE_X0Y16          CARRY4 (Prop_carry4_CI_O[0])
                                                      0.223     7.612 r  count_reg[16]_i_1/O[0]
                         net (fo=1, routed)           0.000     7.612    count_reg[16]_i_1_n_7
    SLICE_X0Y16          FDRE                                         r  count_reg[16]/D
  -------------------------------------------------------------------    -------------------

                         (clock sys_clk_pin rise edge)
                                                     10.000    10.000 r  
    W5                                                0.000    10.000 r  clk (IN)
                         net (fo=0)                   0.000    10.000    clk
    W5                   IBUF (Prop_ibuf_I_O)         1.388    11.388 r  clk_IBUF_inst/O
                         net (fo=1, routed)           1.862    13.250    clk_IBUF
    BUFGCTRL_X0Y0        BUFG (Prop_bufg_I_O)         0.091    13.341 r  clk_IBUF_BUFG_inst/O
                         net (fo=20, routed)          1.512    14.853    clk_IBUF_BUFG
    SLICE_X0Y16          FDRE                                         r  count_reg[16]/C
                         clock pessimism              0.274    15.127    
                         clock uncertainty           -0.035    15.092    
    SLICE_X0Y16          FDRE (Setup_fdre_C_D)        0.062    15.154    count_reg[16]
  -------------------------------------------------------------------
                         required time                         15.154    
                         arrival time                          -7.612    
  -------------------------------------------------------------------
                         slack                                  7.542    

Slack (MET) :             7.546ns  (required time - arrival time)
  Source:                 count_reg[1]/C
                            (rising edge-triggered cell FDRE clocked by sys_clk_pin  {rise@0.000ns fall@5.000ns period=10.000ns})
  Destination:            count_reg[13]/D
                            (rising edge-triggered cell FDRE clocked by sys_clk_pin  {rise@0.000ns fall@5.000ns period=10.000ns})
  Path Group:             sys_clk_pin
  Path Type:              Setup (Max at Slow Process Corner)
  Requirement:            10.000ns  (sys_clk_pin rise@10.000ns - sys_clk_pin rise@0.000ns)
  Data Path Delay:        2.454ns  (logic 1.692ns (68.952%)  route 0.762ns (31.048%))
  Logic Levels:           4  (CARRY4=4)
  Clock Path Skew:        -0.027ns (DCD - SCD + CPR)
    Destination Clock Delay (DCD):    4.854ns = ( 14.854 - 10.000 ) 
    Source Clock Delay      (SCD):    5.155ns
    Clock Pessimism Removal (CPR):    0.274ns
  Clock Uncertainty:      0.035ns  ((TSJ^2 + TIJ^2)^1/2 + DJ) / 2 + PE
    Total System Jitter     (TSJ):    0.071ns
    Total Input Jitter      (TIJ):    0.000ns
    Discrete Jitter          (DJ):    0.000ns
    Phase Error              (PE):    0.000ns

    Location             Delay type                Incr(ns)  Path(ns)    Netlist Resource(s)
  -------------------------------------------------------------------    -------------------
                         (clock sys_clk_pin rise edge)
                                                      0.000     0.000 r  
    W5                                                0.000     0.000 r  clk (IN)
                         net (fo=0)                   0.000     0.000    clk
    W5                   IBUF (Prop_ibuf_I_O)         1.458     1.458 r  clk_IBUF_inst/O
                         net (fo=1, routed)           1.967     3.425    clk_IBUF
    BUFGCTRL_X0Y0        BUFG (Prop_bufg_I_O)         0.096     3.521 r  clk_IBUF_BUFG_inst/O
                         net (fo=20, routed)          1.634     5.155    clk_IBUF_BUFG
    SLICE_X0Y12          FDRE                                         r  count_reg[1]/C
  -------------------------------------------------------------------    -------------------
    SLICE_X0Y12          FDRE (Prop_fdre_C_Q)         0.456     5.611 r  count_reg[1]/Q
                         net (fo=1, routed)           0.762     6.373    count_reg_n_0_[1]
    SLICE_X0Y12          CARRY4 (Prop_carry4_S[1]_CO[3])
                                                      0.674     7.047 r  count_reg[0]_i_1/CO[3]
                         net (fo=1, routed)           0.000     7.047    count_reg[0]_i_1_n_0
    SLICE_X0Y13          CARRY4 (Prop_carry4_CI_CO[3])
                                                      0.114     7.161 r  count_reg[4]_i_1/CO[3]
                         net (fo=1, routed)           0.000     7.161    count_reg[4]_i_1_n_0
    SLICE_X0Y14          CARRY4 (Prop_carry4_CI_CO[3])
                                                      0.114     7.275 r  count_reg[8]_i_1/CO[3]
                         net (fo=1, routed)           0.000     7.275    count_reg[8]_i_1_n_0
    SLICE_X0Y15          CARRY4 (Prop_carry4_CI_O[1])
                                                      0.334     7.609 r  count_reg[12]_i_1/O[1]
                         net (fo=1, routed)           0.000     7.609    count_reg[12]_i_1_n_6
    SLICE_X0Y15          FDRE                                         r  count_reg[13]/D
  -------------------------------------------------------------------    -------------------

                         (clock sys_clk_pin rise edge)
                                                     10.000    10.000 r  
    W5                                                0.000    10.000 r  clk (IN)
                         net (fo=0)                   0.000    10.000    clk
    W5                   IBUF (Prop_ibuf_I_O)         1.388    11.388 r  clk_IBUF_inst/O
                         net (fo=1, routed)           1.862    13.250    clk_IBUF
    BUFGCTRL_X0Y0        BUFG (Prop_bufg_I_O)         0.091    13.341 r  clk_IBUF_BUFG_inst/O
                         net (fo=20, routed)          1.513    14.854    clk_IBUF_BUFG
    SLICE_X0Y15          FDRE                                         r  count_reg[13]/C
                         clock pessimism              0.274    15.128    
                         clock uncertainty           -0.035    15.093    
    SLICE_X0Y15          FDRE (Setup_fdre_C_D)        0.062    15.155    count_reg[13]
  -------------------------------------------------------------------
                         required time                         15.155    
                         arrival time                          -7.609    
  -------------------------------------------------------------------
                         slack                                  7.546    

Slack (MET) :             7.567ns  (required time - arrival time)
  Source:                 count_reg[1]/C
                            (rising edge-triggered cell FDRE clocked by sys_clk_pin  {rise@0.000ns fall@5.000ns period=10.000ns})
  Destination:            count_reg[15]/D
                            (rising edge-triggered cell FDRE clocked by sys_clk_pin  {rise@0.000ns fall@5.000ns period=10.000ns})
  Path Group:             sys_clk_pin
  Path Type:              Setup (Max at Slow Process Corner)
  Requirement:            10.000ns  (sys_clk_pin rise@10.000ns - sys_clk_pin rise@0.000ns)
  Data Path Delay:        2.433ns  (logic 1.671ns (68.684%)  route 0.762ns (31.316%))
  Logic Levels:           4  (CARRY4=4)
  Clock Path Skew:        -0.027ns (DCD - SCD + CPR)
    Destination Clock Delay (DCD):    4.854ns = ( 14.854 - 10.000 ) 
    Source Clock Delay      (SCD):    5.155ns
    Clock Pessimism Removal (CPR):    0.274ns
  Clock Uncertainty:      0.035ns  ((TSJ^2 + TIJ^2)^1/2 + DJ) / 2 + PE
    Total System Jitter     (TSJ):    0.071ns
    Total Input Jitter      (TIJ):    0.000ns
    Discrete Jitter          (DJ):    0.000ns
    Phase Error              (PE):    0.000ns

    Location             Delay type                Incr(ns)  Path(ns)    Netlist Resource(s)
  -------------------------------------------------------------------    -------------------
                         (clock sys_clk_pin rise edge)
                                                      0.000     0.000 r  
    W5                                                0.000     0.000 r  clk (IN)
                         net (fo=0)                   0.000     0.000    clk
    W5                   IBUF (Prop_ibuf_I_O)         1.458     1.458 r  clk_IBUF_inst/O
                         net (fo=1, routed)           1.967     3.425    clk_IBUF
    BUFGCTRL_X0Y0        BUFG (Prop_bufg_I_O)         0.096     3.521 r  clk_IBUF_BUFG_inst/O
                         net (fo=20, routed)          1.634     5.155    clk_IBUF_BUFG
    SLICE_X0Y12          FDRE                                         r  count_reg[1]/C
  -------------------------------------------------------------------    -------------------
    SLICE_X0Y12          FDRE (Prop_fdre_C_Q)         0.456     5.611 r  count_reg[1]/Q
                         net (fo=1, routed)           0.762     6.373    count_reg_n_0_[1]
    SLICE_X0Y12          CARRY4 (Prop_carry4_S[1]_CO[3])
                                                      0.674     7.047 r  count_reg[0]_i_1/CO[3]
                         net (fo=1, routed)           0.000     7.047    count_reg[0]_i_1_n_0
    SLICE_X0Y13          CARRY4 (Prop_carry4_CI_CO[3])
                                                      0.114     7.161 r  count_reg[4]_i_1/CO[3]
                         net (fo=1, routed)           0.000     7.161    count_reg[4]_i_1_n_0
    SLICE_X0Y14          CARRY4 (Prop_carry4_CI_CO[3])
                                                      0.114     7.275 r  count_reg[8]_i_1/CO[3]
                         net (fo=1, routed)           0.000     7.275    count_reg[8]_i_1_n_0
    SLICE_X0Y15          CARRY4 (Prop_carry4_CI_O[3])
                                                      0.313     7.588 r  count_reg[12]_i_1/O[3]
                         net (fo=1, routed)           0.000     7.588    count_reg[12]_i_1_n_4
    SLICE_X0Y15          FDRE                                         r  count_reg[15]/D
  -------------------------------------------------------------------    -------------------

                         (clock sys_clk_pin rise edge)
                                                     10.000    10.000 r  
    W5                                                0.000    10.000 r  clk (IN)
                         net (fo=0)                   0.000    10.000    clk
    W5                   IBUF (Prop_ibuf_I_O)         1.388    11.388 r  clk_IBUF_inst/O
                         net (fo=1, routed)           1.862    13.250    clk_IBUF
    BUFGCTRL_X0Y0        BUFG (Prop_bufg_I_O)         0.091    13.341 r  clk_IBUF_BUFG_inst/O
                         net (fo=20, routed)          1.513    14.854    clk_IBUF_BUFG
    SLICE_X0Y15          FDRE                                         r  count_reg[15]/C
                         clock pessimism              0.274    15.128    
                         clock uncertainty           -0.035    15.093    
    SLICE_X0Y15          FDRE (Setup_fdre_C_D)        0.062    15.155    count_reg[15]
  -------------------------------------------------------------------
                         required time                         15.155    
                         arrival time                          -7.588    
  -------------------------------------------------------------------
                         slack                                  7.567    

Slack (MET) :             7.641ns  (required time - arrival time)
  Source:                 count_reg[1]/C
                            (rising edge-triggered cell FDRE clocked by sys_clk_pin  {rise@0.000ns fall@5.000ns period=10.000ns})
  Destination:            count_reg[14]/D
                            (rising edge-triggered cell FDRE clocked by sys_clk_pin  {rise@0.000ns fall@5.000ns period=10.000ns})
  Path Group:             sys_clk_pin
  Path Type:              Setup (Max at Slow Process Corner)
  Requirement:            10.000ns  (sys_clk_pin rise@10.000ns - sys_clk_pin rise@0.000ns)
  Data Path Delay:        2.359ns  (logic 1.597ns (67.702%)  route 0.762ns (32.298%))
  Logic Levels:           4  (CARRY4=4)
  Clock Path Skew:        -0.027ns (DCD - SCD + CPR)
    Destination Clock Delay (DCD):    4.854ns = ( 14.854 - 10.000 ) 
    Source Clock Delay      (SCD):    5.155ns
    Clock Pessimism Removal (CPR):    0.274ns
  Clock Uncertainty:      0.035ns  ((TSJ^2 + TIJ^2)^1/2 + DJ) / 2 + PE
    Total System Jitter     (TSJ):    0.071ns
    Total Input Jitter      (TIJ):    0.000ns
    Discrete Jitter          (DJ):    0.000ns
    Phase Error              (PE):    0.000ns

    Location             Delay type                Incr(ns)  Path(ns)    Netlist Resource(s)
  -------------------------------------------------------------------    -------------------
                         (clock sys_clk_pin rise edge)
                                                      0.000     0.000 r  
    W5                                                0.000     0.000 r  clk (IN)
                         net (fo=0)                   0.000     0.000    clk
    W5                   IBUF (Prop_ibuf_I_O)         1.458     1.458 r  clk_IBUF_inst/O
                         net (fo=1, routed)           1.967     3.425    clk_IBUF
    BUFGCTRL_X0Y0        BUFG (Prop_bufg_I_O)         0.096     3.521 r  clk_IBUF_BUFG_inst/O
                         net (fo=20, routed)          1.634     5.155    clk_IBUF_BUFG
    SLICE_X0Y12          FDRE                                         r  count_reg[1]/C
  -------------------------------------------------------------------    -------------------
    SLICE_X0Y12          FDRE (Prop_fdre_C_Q)         0.456     5.611 r  count_reg[1]/Q
                         net (fo=1, routed)           0.762     6.373    count_reg_n_0_[1]
    SLICE_X0Y12          CARRY4 (Prop_carry4_S[1]_CO[3])
                                                      0.674     7.047 r  count_reg[0]_i_1/CO[3]
                         net (fo=1, routed)           0.000     7.047    count_reg[0]_i_1_n_0
    SLICE_X0Y13          CARRY4 (Prop_carry4_CI_CO[3])
                                                      0.114     7.161 r  count_reg[4]_i_1/CO[3]
                         net (fo=1, routed)           0.000     7.161    count_reg[4]_i_1_n_0
    SLICE_X0Y14          CARRY4 (Prop_carry4_CI_CO[3])
                                                      0.114     7.275 r  count_reg[8]_i_1/CO[3]
                         net (fo=1, routed)           0.000     7.275    count_reg[8]_i_1_n_0
    SLICE_X0Y15          CARRY4 (Prop_carry4_CI_O[2])
                                                      0.239     7.514 r  count_reg[12]_i_1/O[2]
                         net (fo=1, routed)           0.000     7.514    count_reg[12]_i_1_n_5
    SLICE_X0Y15          FDRE                                         r  count_reg[14]/D
  -------------------------------------------------------------------    -------------------

                         (clock sys_clk_pin rise edge)
                                                     10.000    10.000 r  
    W5                                                0.000    10.000 r  clk (IN)
                         net (fo=0)                   0.000    10.000    clk
    W5                   IBUF (Prop_ibuf_I_O)         1.388    11.388 r  clk_IBUF_inst/O
                         net (fo=1, routed)           1.862    13.250    clk_IBUF
    BUFGCTRL_X0Y0        BUFG (Prop_bufg_I_O)         0.091    13.341 r  clk_IBUF_BUFG_inst/O
                         net (fo=20, routed)          1.513    14.854    clk_IBUF_BUFG
    SLICE_X0Y15          FDRE                                         r  count_reg[14]/C
                         clock pessimism              0.274    15.128    
                         clock uncertainty           -0.035    15.093    
    SLICE_X0Y15          FDRE (Setup_fdre_C_D)        0.062    15.155    count_reg[14]
  -------------------------------------------------------------------
                         required time                         15.155    
                         arrival time                          -7.514    
  -------------------------------------------------------------------
                         slack                                  7.641    

Slack (MET) :             7.657ns  (required time - arrival time)
  Source:                 count_reg[1]/C
                            (rising edge-triggered cell FDRE clocked by sys_clk_pin  {rise@0.000ns fall@5.000ns period=10.000ns})
  Destination:            count_reg[12]/D
                            (rising edge-triggered cell FDRE clocked by sys_clk_pin  {rise@0.000ns fall@5.000ns period=10.000ns})
  Path Group:             sys_clk_pin
  Path Type:              Setup (Max at Slow Process Corner)
  Requirement:            10.000ns  (sys_clk_pin rise@10.000ns - sys_clk_pin rise@0.000ns)
  Data Path Delay:        2.343ns  (logic 1.581ns (67.481%)  route 0.762ns (32.519%))
  Logic Levels:           4  (CARRY4=4)
  Clock Path Skew:        -0.027ns (DCD - SCD + CPR)
    Destination Clock Delay (DCD):    4.854ns = ( 14.854 - 10.000 ) 
    Source Clock Delay      (SCD):    5.155ns
    Clock Pessimism Removal (CPR):    0.274ns
  Clock Uncertainty:      0.035ns  ((TSJ^2 + TIJ^2)^1/2 + DJ) / 2 + PE
    Total System Jitter     (TSJ):    0.071ns
    Total Input Jitter      (TIJ):    0.000ns
    Discrete Jitter          (DJ):    0.000ns
    Phase Error              (PE):    0.000ns

    Location             Delay type                Incr(ns)  Path(ns)    Netlist Resource(s)
  -------------------------------------------------------------------    -------------------
                         (clock sys_clk_pin rise edge)
                                                      0.000     0.000 r  
    W5                                                0.000     0.000 r  clk (IN)
                         net (fo=0)                   0.000     0.000    clk
    W5                   IBUF (Prop_ibuf_I_O)         1.458     1.458 r  clk_IBUF_inst/O
                         net (fo=1, routed)           1.967     3.425    clk_IBUF
    BUFGCTRL_X0Y0        BUFG (Prop_bufg_I_O)         0.096     3.521 r  clk_IBUF_BUFG_inst/O
                         net (fo=20, routed)          1.634     5.155    clk_IBUF_BUFG
    SLICE_X0Y12          FDRE                                         r  count_reg[1]/C
  -------------------------------------------------------------------    -------------------
    SLICE_X0Y12          FDRE (Prop_fdre_C_Q)         0.456     5.611 r  count_reg[1]/Q
                         net (fo=1, routed)           0.762     6.373    count_reg_n_0_[1]
    SLICE_X0Y12          CARRY4 (Prop_carry4_S[1]_CO[3])
                                                      0.674     7.047 r  count_reg[0]_i_1/CO[3]
                         net (fo=1, routed)           0.000     7.047    count_reg[0]_i_1_n_0
    SLICE_X0Y13          CARRY4 (Prop_carry4_CI_CO[3])
                                                      0.114     7.161 r  count_reg[4]_i_1/CO[3]
                         net (fo=1, routed)           0.000     7.161    count_reg[4]_i_1_n_0
    SLICE_X0Y14          CARRY4 (Prop_carry4_CI_CO[3])
                                                      0.114     7.275 r  count_reg[8]_i_1/CO[3]
                         net (fo=1, routed)           0.000     7.275    count_reg[8]_i_1_n_0
    SLICE_X0Y15          CARRY4 (Prop_carry4_CI_O[0])
                                                      0.223     7.498 r  count_reg[12]_i_1/O[0]
                         net (fo=1, routed)           0.000     7.498    count_reg[12]_i_1_n_7
    SLICE_X0Y15          FDRE                                         r  count_reg[12]/D
  -------------------------------------------------------------------    -------------------

                         (clock sys_clk_pin rise edge)
                                                     10.000    10.000 r  
    W5                                                0.000    10.000 r  clk (IN)
                         net (fo=0)                   0.000    10.000    clk
    W5                   IBUF (Prop_ibuf_I_O)         1.388    11.388 r  clk_IBUF_inst/O
                         net (fo=1, routed)           1.862    13.250    clk_IBUF
    BUFGCTRL_X0Y0        BUFG (Prop_bufg_I_O)         0.091    13.341 r  clk_IBUF_BUFG_inst/O
                         net (fo=20, routed)          1.513    14.854    clk_IBUF_BUFG
    SLICE_X0Y15          FDRE                                         r  count_reg[12]/C
                         clock pessimism              0.274    15.128    
                         clock uncertainty           -0.035    15.093    
    SLICE_X0Y15          FDRE (Setup_fdre_C_D)        0.062    15.155    count_reg[12]
  -------------------------------------------------------------------
                         required time                         15.155    
                         arrival time                          -7.498    
  -------------------------------------------------------------------
                         slack                                  7.657    

Slack (MET) :             7.661ns  (required time - arrival time)
  Source:                 count_reg[1]/C
                            (rising edge-triggered cell FDRE clocked by sys_clk_pin  {rise@0.000ns fall@5.000ns period=10.000ns})
  Destination:            count_reg[9]/D
                            (rising edge-triggered cell FDRE clocked by sys_clk_pin  {rise@0.000ns fall@5.000ns period=10.000ns})
  Path Group:             sys_clk_pin
  Path Type:              Setup (Max at Slow Process Corner)
  Requirement:            10.000ns  (sys_clk_pin rise@10.000ns - sys_clk_pin rise@0.000ns)
  Data Path Delay:        2.340ns  (logic 1.578ns (67.440%)  route 0.762ns (32.560%))
  Logic Levels:           3  (CARRY4=3)
  Clock Path Skew:        -0.026ns (DCD - SCD + CPR)
    Destination Clock Delay (DCD):    4.855ns = ( 14.855 - 10.000 ) 
    Source Clock Delay      (SCD):    5.155ns
    Clock Pessimism Removal (CPR):    0.274ns
  Clock Uncertainty:      0.035ns  ((TSJ^2 + TIJ^2)^1/2 + DJ) / 2 + PE
    Total System Jitter     (TSJ):    0.071ns
    Total Input Jitter      (TIJ):    0.000ns
    Discrete Jitter          (DJ):    0.000ns
    Phase Error              (PE):    0.000ns

    Location             Delay type                Incr(ns)  Path(ns)    Netlist Resource(s)
  -------------------------------------------------------------------    -------------------
                         (clock sys_clk_pin rise edge)
                                                      0.000     0.000 r  
    W5                                                0.000     0.000 r  clk (IN)
                         net (fo=0)                   0.000     0.000    clk
    W5                   IBUF (Prop_ibuf_I_O)         1.458     1.458 r  clk_IBUF_inst/O
                         net (fo=1, routed)           1.967     3.425    clk_IBUF
    BUFGCTRL_X0Y0        BUFG (Prop_bufg_I_O)         0.096     3.521 r  clk_IBUF_BUFG_inst/O
                         net (fo=20, routed)          1.634     5.155    clk_IBUF_BUFG
    SLICE_X0Y12          FDRE                                         r  count_reg[1]/C
  -------------------------------------------------------------------    -------------------
    SLICE_X0Y12          FDRE (Prop_fdre_C_Q)         0.456     5.611 r  count_reg[1]/Q
                         net (fo=1, routed)           0.762     6.373    count_reg_n_0_[1]
    SLICE_X0Y12          CARRY4 (Prop_carry4_S[1]_CO[3])
                                                      0.674     7.047 r  count_reg[0]_i_1/CO[3]
                         net (fo=1, routed)           0.000     7.047    count_reg[0]_i_1_n_0
    SLICE_X0Y13          CARRY4 (Prop_carry4_CI_CO[3])
                                                      0.114     7.161 r  count_reg[4]_i_1/CO[3]
                         net (fo=1, routed)           0.000     7.161    count_reg[4]_i_1_n_0
    SLICE_X0Y14          CARRY4 (Prop_carry4_CI_O[1])
                                                      0.334     7.495 r  count_reg[8]_i_1/O[1]
                         net (fo=1, routed)           0.000     7.495    count_reg[8]_i_1_n_6
    SLICE_X0Y14          FDRE                                         r  count_reg[9]/D
  -------------------------------------------------------------------    -------------------

                         (clock sys_clk_pin rise edge)
                                                     10.000    10.000 r  
    W5                                                0.000    10.000 r  clk (IN)
                         net (fo=0)                   0.000    10.000    clk
    W5                   IBUF (Prop_ibuf_I_O)         1.388    11.388 r  clk_IBUF_inst/O
                         net (fo=1, routed)           1.862    13.250    clk_IBUF
    BUFGCTRL_X0Y0        BUFG (Prop_bufg_I_O)         0.091    13.341 r  clk_IBUF_BUFG_inst/O
                         net (fo=20, routed)          1.514    14.855    clk_IBUF_BUFG
    SLICE_X0Y14          FDRE                                         r  count_reg[9]/C
                         clock pessimism              0.274    15.129    
                         clock uncertainty           -0.035    15.094    
    SLICE_X0Y14          FDRE (Setup_fdre_C_D)        0.062    15.156    count_reg[9]
  -------------------------------------------------------------------
                         required time                         15.156    
                         arrival time                          -7.495    
  -------------------------------------------------------------------
                         slack                                  7.661    

Slack (MET) :             7.682ns  (required time - arrival time)
  Source:                 count_reg[1]/C
                            (rising edge-triggered cell FDRE clocked by sys_clk_pin  {rise@0.000ns fall@5.000ns period=10.000ns})
  Destination:            count_reg[11]/D
                            (rising edge-triggered cell FDRE clocked by sys_clk_pin  {rise@0.000ns fall@5.000ns period=10.000ns})
  Path Group:             sys_clk_pin
  Path Type:              Setup (Max at Slow Process Corner)
  Requirement:            10.000ns  (sys_clk_pin rise@10.000ns - sys_clk_pin rise@0.000ns)
  Data Path Delay:        2.319ns  (logic 1.557ns (67.145%)  route 0.762ns (32.855%))
  Logic Levels:           3  (CARRY4=3)
  Clock Path Skew:        -0.026ns (DCD - SCD + CPR)
    Destination Clock Delay (DCD):    4.855ns = ( 14.855 - 10.000 ) 
    Source Clock Delay      (SCD):    5.155ns
    Clock Pessimism Removal (CPR):    0.274ns
  Clock Uncertainty:      0.035ns  ((TSJ^2 + TIJ^2)^1/2 + DJ) / 2 + PE
    Total System Jitter     (TSJ):    0.071ns
    Total Input Jitter      (TIJ):    0.000ns
    Discrete Jitter          (DJ):    0.000ns
    Phase Error              (PE):    0.000ns

    Location             Delay type                Incr(ns)  Path(ns)    Netlist Resource(s)
  -------------------------------------------------------------------    -------------------
                         (clock sys_clk_pin rise edge)
                                                      0.000     0.000 r  
    W5                                                0.000     0.000 r  clk (IN)
                         net (fo=0)                   0.000     0.000    clk
    W5                   IBUF (Prop_ibuf_I_O)         1.458     1.458 r  clk_IBUF_inst/O
                         net (fo=1, routed)           1.967     3.425    clk_IBUF
    BUFGCTRL_X0Y0        BUFG (Prop_bufg_I_O)         0.096     3.521 r  clk_IBUF_BUFG_inst/O
                         net (fo=20, routed)          1.634     5.155    clk_IBUF_BUFG
    SLICE_X0Y12          FDRE                                         r  count_reg[1]/C
  -------------------------------------------------------------------    -------------------
    SLICE_X0Y12          FDRE (Prop_fdre_C_Q)         0.456     5.611 r  count_reg[1]/Q
                         net (fo=1, routed)           0.762     6.373    count_reg_n_0_[1]
    SLICE_X0Y12          CARRY4 (Prop_carry4_S[1]_CO[3])
                                                      0.674     7.047 r  count_reg[0]_i_1/CO[3]
                         net (fo=1, routed)           0.000     7.047    count_reg[0]_i_1_n_0
    SLICE_X0Y13          CARRY4 (Prop_carry4_CI_CO[3])
                                                      0.114     7.161 r  count_reg[4]_i_1/CO[3]
                         net (fo=1, routed)           0.000     7.161    count_reg[4]_i_1_n_0
    SLICE_X0Y14          CARRY4 (Prop_carry4_CI_O[3])
                                                      0.313     7.474 r  count_reg[8]_i_1/O[3]
                         net (fo=1, routed)           0.000     7.474    count_reg[8]_i_1_n_4
    SLICE_X0Y14          FDRE                                         r  count_reg[11]/D
  -------------------------------------------------------------------    -------------------

                         (clock sys_clk_pin rise edge)
                                                     10.000    10.000 r  
    W5                                                0.000    10.000 r  clk (IN)
                         net (fo=0)                   0.000    10.000    clk
    W5                   IBUF (Prop_ibuf_I_O)         1.388    11.388 r  clk_IBUF_inst/O
                         net (fo=1, routed)           1.862    13.250    clk_IBUF
    BUFGCTRL_X0Y0        BUFG (Prop_bufg_I_O)         0.091    13.341 r  clk_IBUF_BUFG_inst/O
                         net (fo=20, routed)          1.514    14.855    clk_IBUF_BUFG
    SLICE_X0Y14          FDRE                                         r  count_reg[11]/C
                         clock pessimism              0.274    15.129    
                         clock uncertainty           -0.035    15.094    
    SLICE_X0Y14          FDRE (Setup_fdre_C_D)        0.062    15.156    count_reg[11]
  -------------------------------------------------------------------
                         required time                         15.156    
                         arrival time                          -7.474    
  -------------------------------------------------------------------
                         slack                                  7.682    





Min Delay Paths
--------------------------------------------------------------------------------------
Slack (MET) :             0.324ns  (arrival time - required time)
  Source:                 count_reg[0]/C
                            (rising edge-triggered cell FDRE clocked by sys_clk_pin  {rise@0.000ns fall@5.000ns period=10.000ns})
  Destination:            count_reg[0]/D
                            (rising edge-triggered cell FDRE clocked by sys_clk_pin  {rise@0.000ns fall@5.000ns period=10.000ns})
  Path Group:             sys_clk_pin
  Path Type:              Hold (Min at Fast Process Corner)
  Requirement:            0.000ns  (sys_clk_pin rise@0.000ns - sys_clk_pin rise@0.000ns)
  Data Path Delay:        0.429ns  (logic 0.256ns (59.730%)  route 0.173ns (40.270%))
  Logic Levels:           2  (CARRY4=1 LUT1=1)
  Clock Path Skew:        0.000ns (DCD - SCD - CPR)
    Destination Clock Delay (DCD):    1.989ns
    Source Clock Delay      (SCD):    1.475ns
    Clock Pessimism Removal (CPR):    0.514ns

    Location             Delay type                Incr(ns)  Path(ns)    Netlist Resource(s)
  -------------------------------------------------------------------    -------------------
                         (clock sys_clk_pin rise edge)
                                                      0.000     0.000 r  
    W5                                                0.000     0.000 r  clk (IN)
                         net (fo=0)                   0.000     0.000    clk
    W5                   IBUF (Prop_ibuf_I_O)         0.226     0.226 r  clk_IBUF_inst/O
                         net (fo=1, routed)           0.631     0.858    clk_IBUF
    BUFGCTRL_X0Y0        BUFG (Prop_bufg_I_O)         0.026     0.884 r  clk_IBUF_BUFG_inst/O
                         net (fo=20, routed)          0.592     1.475    clk_IBUF_BUFG
    SLICE_X0Y12          FDRE                                         r  count_reg[0]/C
  -------------------------------------------------------------------    -------------------
    SLICE_X0Y12          FDRE (Prop_fdre_C_Q)         0.141     1.616 f  count_reg[0]/Q
                         net (fo=1, routed)           0.173     1.789    count_reg_n_0_[0]
    SLICE_X0Y12          LUT1 (Prop_lut1_I0_O)        0.045     1.834 r  count[0]_i_2/O
                         net (fo=1, routed)           0.000     1.834    count[0]_i_2_n_0
    SLICE_X0Y12          CARRY4 (Prop_carry4_S[0]_O[0])
                                                      0.070     1.904 r  count_reg[0]_i_1/O[0]
                         net (fo=1, routed)           0.000     1.904    count_reg[0]_i_1_n_7
    SLICE_X0Y12          FDRE                                         r  count_reg[0]/D
  -------------------------------------------------------------------    -------------------

                         (clock sys_clk_pin rise edge)
                                                      0.000     0.000 r  
    W5                                                0.000     0.000 r  clk (IN)
                         net (fo=0)                   0.000     0.000    clk
    W5                   IBUF (Prop_ibuf_I_O)         0.414     0.414 r  clk_IBUF_inst/O
                         net (fo=1, routed)           0.685     1.099    clk_IBUF
    BUFGCTRL_X0Y0        BUFG (Prop_bufg_I_O)         0.029     1.128 r  clk_IBUF_BUFG_inst/O
                         net (fo=20, routed)          0.862     1.989    clk_IBUF_BUFG
    SLICE_X0Y12          FDRE                                         r  count_reg[0]/C
                         clock pessimism             -0.514     1.475    
    SLICE_X0Y12          FDRE (Hold_fdre_C_D)         0.105     1.580    count_reg[0]
  -------------------------------------------------------------------
                         required time                         -1.580    
                         arrival time                           1.904    
  -------------------------------------------------------------------
                         slack                                  0.324    

Slack (MET) :             0.327ns  (arrival time - required time)
  Source:                 count_reg[3]/C
                            (rising edge-triggered cell FDRE clocked by sys_clk_pin  {rise@0.000ns fall@5.000ns period=10.000ns})
  Destination:            count_reg[3]/D
                            (rising edge-triggered cell FDRE clocked by sys_clk_pin  {rise@0.000ns fall@5.000ns period=10.000ns})
  Path Group:             sys_clk_pin
  Path Type:              Hold (Min at Fast Process Corner)
  Requirement:            0.000ns  (sys_clk_pin rise@0.000ns - sys_clk_pin rise@0.000ns)
  Data Path Delay:        0.432ns  (logic 0.249ns (57.658%)  route 0.183ns (42.342%))
  Logic Levels:           1  (CARRY4=1)
  Clock Path Skew:        0.000ns (DCD - SCD - CPR)
    Destination Clock Delay (DCD):    1.989ns
    Source Clock Delay      (SCD):    1.475ns
    Clock Pessimism Removal (CPR):    0.514ns

    Location             Delay type                Incr(ns)  Path(ns)    Netlist Resource(s)
  -------------------------------------------------------------------    -------------------
                         (clock sys_clk_pin rise edge)
                                                      0.000     0.000 r  
    W5                                                0.000     0.000 r  clk (IN)
                         net (fo=0)                   0.000     0.000    clk
    W5                   IBUF (Prop_ibuf_I_O)         0.226     0.226 r  clk_IBUF_inst/O
                         net (fo=1, routed)           0.631     0.858    clk_IBUF
    BUFGCTRL_X0Y0        BUFG (Prop_bufg_I_O)         0.026     0.884 r  clk_IBUF_BUFG_inst/O
                         net (fo=20, routed)          0.592     1.475    clk_IBUF_BUFG
    SLICE_X0Y12          FDRE                                         r  count_reg[3]/C
  -------------------------------------------------------------------    -------------------
    SLICE_X0Y12          FDRE (Prop_fdre_C_Q)         0.141     1.616 r  count_reg[3]/Q
                         net (fo=1, routed)           0.183     1.799    count_reg_n_0_[3]
    SLICE_X0Y12          CARRY4 (Prop_carry4_S[3]_O[3])
                                                      0.108     1.907 r  count_reg[0]_i_1/O[3]
                         net (fo=1, routed)           0.000     1.907    count_reg[0]_i_1_n_4
    SLICE_X0Y12          FDRE                                         r  count_reg[3]/D
  -------------------------------------------------------------------    -------------------

                         (clock sys_clk_pin rise edge)
                                                      0.000     0.000 r  
    W5                                                0.000     0.000 r  clk (IN)
                         net (fo=0)                   0.000     0.000    clk
    W5                   IBUF (Prop_ibuf_I_O)         0.414     0.414 r  clk_IBUF_inst/O
                         net (fo=1, routed)           0.685     1.099    clk_IBUF
    BUFGCTRL_X0Y0        BUFG (Prop_bufg_I_O)         0.029     1.128 r  clk_IBUF_BUFG_inst/O
                         net (fo=20, routed)          0.862     1.989    clk_IBUF_BUFG
    SLICE_X0Y12          FDRE                                         r  count_reg[3]/C
                         clock pessimism             -0.514     1.475    
    SLICE_X0Y12          FDRE (Hold_fdre_C_D)         0.105     1.580    count_reg[3]
  -------------------------------------------------------------------
                         required time                         -1.580    
                         arrival time                           1.907    
  -------------------------------------------------------------------
                         slack                                  0.327    

Slack (MET) :             0.327ns  (arrival time - required time)
  Source:                 count_reg[11]/C
                            (rising edge-triggered cell FDRE clocked by sys_clk_pin  {rise@0.000ns fall@5.000ns period=10.000ns})
  Destination:            count_reg[11]/D
                            (rising edge-triggered cell FDRE clocked by sys_clk_pin  {rise@0.000ns fall@5.000ns period=10.000ns})
  Path Group:             sys_clk_pin
  Path Type:              Hold (Min at Fast Process Corner)
  Requirement:            0.000ns  (sys_clk_pin rise@0.000ns - sys_clk_pin rise@0.000ns)
  Data Path Delay:        0.432ns  (logic 0.249ns (57.658%)  route 0.183ns (42.342%))
  Logic Levels:           1  (CARRY4=1)
  Clock Path Skew:        0.000ns (DCD - SCD - CPR)
    Destination Clock Delay (DCD):    1.988ns
    Source Clock Delay      (SCD):    1.474ns
    Clock Pessimism Removal (CPR):    0.514ns

    Location             Delay type                Incr(ns)  Path(ns)    Netlist Resource(s)
  -------------------------------------------------------------------    -------------------
                         (clock sys_clk_pin rise edge)
                                                      0.000     0.000 r  
    W5                                                0.000     0.000 r  clk (IN)
                         net (fo=0)                   0.000     0.000    clk
    W5                   IBUF (Prop_ibuf_I_O)         0.226     0.226 r  clk_IBUF_inst/O
                         net (fo=1, routed)           0.631     0.858    clk_IBUF
    BUFGCTRL_X0Y0        BUFG (Prop_bufg_I_O)         0.026     0.884 r  clk_IBUF_BUFG_inst/O
                         net (fo=20, routed)          0.591     1.474    clk_IBUF_BUFG
    SLICE_X0Y14          FDRE                                         r  count_reg[11]/C
  -------------------------------------------------------------------    -------------------
    SLICE_X0Y14          FDRE (Prop_fdre_C_Q)         0.141     1.615 r  count_reg[11]/Q
                         net (fo=1, routed)           0.183     1.798    count_reg_n_0_[11]
    SLICE_X0Y14          CARRY4 (Prop_carry4_S[3]_O[3])
                                                      0.108     1.906 r  count_reg[8]_i_1/O[3]
                         net (fo=1, routed)           0.000     1.906    count_reg[8]_i_1_n_4
    SLICE_X0Y14          FDRE                                         r  count_reg[11]/D
  -------------------------------------------------------------------    -------------------

                         (clock sys_clk_pin rise edge)
                                                      0.000     0.000 r  
    W5                                                0.000     0.000 r  clk (IN)
                         net (fo=0)                   0.000     0.000    clk
    W5                   IBUF (Prop_ibuf_I_O)         0.414     0.414 r  clk_IBUF_inst/O
                         net (fo=1, routed)           0.685     1.099    clk_IBUF
    BUFGCTRL_X0Y0        BUFG (Prop_bufg_I_O)         0.029     1.128 r  clk_IBUF_BUFG_inst/O
                         net (fo=20, routed)          0.861     1.988    clk_IBUF_BUFG
    SLICE_X0Y14          FDRE                                         r  count_reg[11]/C
                         clock pessimism             -0.514     1.474    
    SLICE_X0Y14          FDRE (Hold_fdre_C_D)         0.105     1.579    count_reg[11]
  -------------------------------------------------------------------
                         required time                         -1.579    
                         arrival time                           1.906    
  -------------------------------------------------------------------
                         slack                                  0.327    

Slack (MET) :             0.327ns  (arrival time - required time)
  Source:                 count_reg[16]/C
                            (rising edge-triggered cell FDRE clocked by sys_clk_pin  {rise@0.000ns fall@5.000ns period=10.000ns})
  Destination:            count_reg[16]/D
                            (rising edge-triggered cell FDRE clocked by sys_clk_pin  {rise@0.000ns fall@5.000ns period=10.000ns})
  Path Group:             sys_clk_pin
  Path Type:              Hold (Min at Fast Process Corner)
  Requirement:            0.000ns  (sys_clk_pin rise@0.000ns - sys_clk_pin rise@0.000ns)
  Data Path Delay:        0.432ns  (logic 0.256ns (59.199%)  route 0.176ns (40.801%))
  Logic Levels:           1  (CARRY4=1)
  Clock Path Skew:        0.000ns (DCD - SCD - CPR)
    Destination Clock Delay (DCD):    1.986ns
    Source Clock Delay      (SCD):    1.473ns
    Clock Pessimism Removal (CPR):    0.513ns

    Location             Delay type                Incr(ns)  Path(ns)    Netlist Resource(s)
  -------------------------------------------------------------------    -------------------
                         (clock sys_clk_pin rise edge)
                                                      0.000     0.000 r  
    W5                                                0.000     0.000 r  clk (IN)
                         net (fo=0)                   0.000     0.000    clk
    W5                   IBUF (Prop_ibuf_I_O)         0.226     0.226 r  clk_IBUF_inst/O
                         net (fo=1, routed)           0.631     0.858    clk_IBUF
    BUFGCTRL_X0Y0        BUFG (Prop_bufg_I_O)         0.026     0.884 r  clk_IBUF_BUFG_inst/O
                         net (fo=20, routed)          0.590     1.473    clk_IBUF_BUFG
    SLICE_X0Y16          FDRE                                         r  count_reg[16]/C
  -------------------------------------------------------------------    -------------------
    SLICE_X0Y16          FDRE (Prop_fdre_C_Q)         0.141     1.614 r  count_reg[16]/Q
                         net (fo=1, routed)           0.176     1.791    count_reg_n_0_[16]
    SLICE_X0Y16          CARRY4 (Prop_carry4_S[0]_O[0])
                                                      0.115     1.906 r  count_reg[16]_i_1/O[0]
                         net (fo=1, routed)           0.000     1.906    count_reg[16]_i_1_n_7
    SLICE_X0Y16          FDRE                                         r  count_reg[16]/D
  -------------------------------------------------------------------    -------------------

                         (clock sys_clk_pin rise edge)
                                                      0.000     0.000 r  
    W5                                                0.000     0.000 r  clk (IN)
                         net (fo=0)                   0.000     0.000    clk
    W5                   IBUF (Prop_ibuf_I_O)         0.414     0.414 r  clk_IBUF_inst/O
                         net (fo=1, routed)           0.685     1.099    clk_IBUF
    BUFGCTRL_X0Y0        BUFG (Prop_bufg_I_O)         0.029     1.128 r  clk_IBUF_BUFG_inst/O
                         net (fo=20, routed)          0.859     1.986    clk_IBUF_BUFG
    SLICE_X0Y16          FDRE                                         r  count_reg[16]/C
                         clock pessimism             -0.513     1.473    
    SLICE_X0Y16          FDRE (Hold_fdre_C_D)         0.105     1.578    count_reg[16]
  -------------------------------------------------------------------
                         required time                         -1.578    
                         arrival time                           1.906    
  -------------------------------------------------------------------
                         slack                                  0.327    

Slack (MET) :             0.327ns  (arrival time - required time)
  Source:                 count_reg[12]/C
                            (rising edge-triggered cell FDRE clocked by sys_clk_pin  {rise@0.000ns fall@5.000ns period=10.000ns})
  Destination:            count_reg[12]/D
                            (rising edge-triggered cell FDRE clocked by sys_clk_pin  {rise@0.000ns fall@5.000ns period=10.000ns})
  Path Group:             sys_clk_pin
  Path Type:              Hold (Min at Fast Process Corner)
  Requirement:            0.000ns  (sys_clk_pin rise@0.000ns - sys_clk_pin rise@0.000ns)
  Data Path Delay:        0.432ns  (logic 0.256ns (59.199%)  route 0.176ns (40.801%))
  Logic Levels:           1  (CARRY4=1)
  Clock Path Skew:        0.000ns (DCD - SCD - CPR)
    Destination Clock Delay (DCD):    1.987ns
    Source Clock Delay      (SCD):    1.474ns
    Clock Pessimism Removal (CPR):    0.513ns

    Location             Delay type                Incr(ns)  Path(ns)    Netlist Resource(s)
  -------------------------------------------------------------------    -------------------
                         (clock sys_clk_pin rise edge)
                                                      0.000     0.000 r  
    W5                                                0.000     0.000 r  clk (IN)
                         net (fo=0)                   0.000     0.000    clk
    W5                   IBUF (Prop_ibuf_I_O)         0.226     0.226 r  clk_IBUF_inst/O
                         net (fo=1, routed)           0.631     0.858    clk_IBUF
    BUFGCTRL_X0Y0        BUFG (Prop_bufg_I_O)         0.026     0.884 r  clk_IBUF_BUFG_inst/O
                         net (fo=20, routed)          0.591     1.474    clk_IBUF_BUFG
    SLICE_X0Y15          FDRE                                         r  count_reg[12]/C
  -------------------------------------------------------------------    -------------------
    SLICE_X0Y15          FDRE (Prop_fdre_C_Q)         0.141     1.615 r  count_reg[12]/Q
                         net (fo=1, routed)           0.176     1.792    count_reg_n_0_[12]
    SLICE_X0Y15          CARRY4 (Prop_carry4_S[0]_O[0])
                                                      0.115     1.907 r  count_reg[12]_i_1/O[0]
                         net (fo=1, routed)           0.000     1.907    count_reg[12]_i_1_n_7
    SLICE_X0Y15          FDRE                                         r  count_reg[12]/D
  -------------------------------------------------------------------    -------------------

                         (clock sys_clk_pin rise edge)
                                                      0.000     0.000 r  
    W5                                                0.000     0.000 r  clk (IN)
                         net (fo=0)                   0.000     0.000    clk
    W5                   IBUF (Prop_ibuf_I_O)         0.414     0.414 r  clk_IBUF_inst/O
                         net (fo=1, routed)           0.685     1.099    clk_IBUF
    BUFGCTRL_X0Y0        BUFG (Prop_bufg_I_O)         0.029     1.128 r  clk_IBUF_BUFG_inst/O
                         net (fo=20, routed)          0.860     1.987    clk_IBUF_BUFG
    SLICE_X0Y15          FDRE                                         r  count_reg[12]/C
                         clock pessimism             -0.513     1.474    
    SLICE_X0Y15          FDRE (Hold_fdre_C_D)         0.105     1.579    count_reg[12]
  -------------------------------------------------------------------
                         required time                         -1.579    
                         arrival time                           1.907    
  -------------------------------------------------------------------
                         slack                                  0.327    

Slack (MET) :             0.358ns  (arrival time - required time)
  Source:                 count_reg[19]/C
                            (rising edge-triggered cell FDRE clocked by sys_clk_pin  {rise@0.000ns fall@5.000ns period=10.000ns})
  Destination:            count_reg[19]/D
                            (rising edge-triggered cell FDRE clocked by sys_clk_pin  {rise@0.000ns fall@5.000ns period=10.000ns})
  Path Group:             sys_clk_pin
  Path Type:              Hold (Min at Fast Process Corner)
  Requirement:            0.000ns  (sys_clk_pin rise@0.000ns - sys_clk_pin rise@0.000ns)
  Data Path Delay:        0.463ns  (logic 0.249ns (53.816%)  route 0.214ns (46.184%))
  Logic Levels:           1  (CARRY4=1)
  Clock Path Skew:        0.000ns (DCD - SCD - CPR)
    Destination Clock Delay (DCD):    1.986ns
    Source Clock Delay      (SCD):    1.473ns
    Clock Pessimism Removal (CPR):    0.513ns

    Location             Delay type                Incr(ns)  Path(ns)    Netlist Resource(s)
  -------------------------------------------------------------------    -------------------
                         (clock sys_clk_pin rise edge)
                                                      0.000     0.000 r  
    W5                                                0.000     0.000 r  clk (IN)
                         net (fo=0)                   0.000     0.000    clk
    W5                   IBUF (Prop_ibuf_I_O)         0.226     0.226 r  clk_IBUF_inst/O
                         net (fo=1, routed)           0.631     0.858    clk_IBUF
    BUFGCTRL_X0Y0        BUFG (Prop_bufg_I_O)         0.026     0.884 r  clk_IBUF_BUFG_inst/O
                         net (fo=20, routed)          0.590     1.473    clk_IBUF_BUFG
    SLICE_X0Y16          FDRE                                         r  count_reg[19]/C
  -------------------------------------------------------------------    -------------------
    SLICE_X0Y16          FDRE (Prop_fdre_C_Q)         0.141     1.614 r  count_reg[19]/Q
                         net (fo=7, routed)           0.214     1.828    seg7_clk[1]
    SLICE_X0Y16          CARRY4 (Prop_carry4_S[3]_O[3])
                                                      0.108     1.936 r  count_reg[16]_i_1/O[3]
                         net (fo=1, routed)           0.000     1.936    count_reg[16]_i_1_n_4
    SLICE_X0Y16          FDRE                                         r  count_reg[19]/D
  -------------------------------------------------------------------    -------------------

                         (clock sys_clk_pin rise edge)
                                                      0.000     0.000 r  
    W5                                                0.000     0.000 r  clk (IN)
                         net (fo=0)                   0.000     0.000    clk
    W5                   IBUF (Prop_ibuf_I_O)         0.414     0.414 r  clk_IBUF_inst/O
                         net (fo=1, routed)           0.685     1.099    clk_IBUF
    BUFGCTRL_X0Y0        BUFG (Prop_bufg_I_O)         0.029     1.128 r  clk_IBUF_BUFG_inst/O
                         net (fo=20, routed)          0.859     1.986    clk_IBUF_BUFG
    SLICE_X0Y16          FDRE                                         r  count_reg[19]/C
                         clock pessimism             -0.513     1.473    
    SLICE_X0Y16          FDRE (Hold_fdre_C_D)         0.105     1.578    count_reg[19]
  -------------------------------------------------------------------
                         required time                         -1.578    
                         arrival time                           1.936    
  -------------------------------------------------------------------
                         slack                                  0.358    

Slack (MET) :             0.360ns  (arrival time - required time)
  Source:                 count_reg[0]/C
                            (rising edge-triggered cell FDRE clocked by sys_clk_pin  {rise@0.000ns fall@5.000ns period=10.000ns})
  Destination:            count_reg[1]/D
                            (rising edge-triggered cell FDRE clocked by sys_clk_pin  {rise@0.000ns fall@5.000ns period=10.000ns})
  Path Group:             sys_clk_pin
  Path Type:              Hold (Min at Fast Process Corner)
  Requirement:            0.000ns  (sys_clk_pin rise@0.000ns - sys_clk_pin rise@0.000ns)
  Data Path Delay:        0.465ns  (logic 0.292ns (62.850%)  route 0.173ns (37.150%))
  Logic Levels:           2  (CARRY4=1 LUT1=1)
  Clock Path Skew:        0.000ns (DCD - SCD - CPR)
    Destination Clock Delay (DCD):    1.989ns
    Source Clock Delay      (SCD):    1.475ns
    Clock Pessimism Removal (CPR):    0.514ns

    Location             Delay type                Incr(ns)  Path(ns)    Netlist Resource(s)
  -------------------------------------------------------------------    -------------------
                         (clock sys_clk_pin rise edge)
                                                      0.000     0.000 r  
    W5                                                0.000     0.000 r  clk (IN)
                         net (fo=0)                   0.000     0.000    clk
    W5                   IBUF (Prop_ibuf_I_O)         0.226     0.226 r  clk_IBUF_inst/O
                         net (fo=1, routed)           0.631     0.858    clk_IBUF
    BUFGCTRL_X0Y0        BUFG (Prop_bufg_I_O)         0.026     0.884 r  clk_IBUF_BUFG_inst/O
                         net (fo=20, routed)          0.592     1.475    clk_IBUF_BUFG
    SLICE_X0Y12          FDRE                                         r  count_reg[0]/C
  -------------------------------------------------------------------    -------------------
    SLICE_X0Y12          FDRE (Prop_fdre_C_Q)         0.141     1.616 f  count_reg[0]/Q
                         net (fo=1, routed)           0.173     1.789    count_reg_n_0_[0]
    SLICE_X0Y12          LUT1 (Prop_lut1_I0_O)        0.045     1.834 r  count[0]_i_2/O
                         net (fo=1, routed)           0.000     1.834    count[0]_i_2_n_0
    SLICE_X0Y12          CARRY4 (Prop_carry4_S[0]_O[1])
                                                      0.106     1.940 r  count_reg[0]_i_1/O[1]
                         net (fo=1, routed)           0.000     1.940    count_reg[0]_i_1_n_6
    SLICE_X0Y12          FDRE                                         r  count_reg[1]/D
  -------------------------------------------------------------------    -------------------

                         (clock sys_clk_pin rise edge)
                                                      0.000     0.000 r  
    W5                                                0.000     0.000 r  clk (IN)
                         net (fo=0)                   0.000     0.000    clk
    W5                   IBUF (Prop_ibuf_I_O)         0.414     0.414 r  clk_IBUF_inst/O
                         net (fo=1, routed)           0.685     1.099    clk_IBUF
    BUFGCTRL_X0Y0        BUFG (Prop_bufg_I_O)         0.029     1.128 r  clk_IBUF_BUFG_inst/O
                         net (fo=20, routed)          0.862     1.989    clk_IBUF_BUFG
    SLICE_X0Y12          FDRE                                         r  count_reg[1]/C
                         clock pessimism             -0.514     1.475    
    SLICE_X0Y12          FDRE (Hold_fdre_C_D)         0.105     1.580    count_reg[1]
  -------------------------------------------------------------------
                         required time                         -1.580    
                         arrival time                           1.940    
  -------------------------------------------------------------------
                         slack                                  0.360    

Slack (MET) :             0.363ns  (arrival time - required time)
  Source:                 count_reg[16]/C
                            (rising edge-triggered cell FDRE clocked by sys_clk_pin  {rise@0.000ns fall@5.000ns period=10.000ns})
  Destination:            count_reg[17]/D
                            (rising edge-triggered cell FDRE clocked by sys_clk_pin  {rise@0.000ns fall@5.000ns period=10.000ns})
  Path Group:             sys_clk_pin
  Path Type:              Hold (Min at Fast Process Corner)
  Requirement:            0.000ns  (sys_clk_pin rise@0.000ns - sys_clk_pin rise@0.000ns)
  Data Path Delay:        0.468ns  (logic 0.292ns (62.334%)  route 0.176ns (37.666%))
  Logic Levels:           1  (CARRY4=1)
  Clock Path Skew:        0.000ns (DCD - SCD - CPR)
    Destination Clock Delay (DCD):    1.986ns
    Source Clock Delay      (SCD):    1.473ns
    Clock Pessimism Removal (CPR):    0.513ns

    Location             Delay type                Incr(ns)  Path(ns)    Netlist Resource(s)
  -------------------------------------------------------------------    -------------------
                         (clock sys_clk_pin rise edge)
                                                      0.000     0.000 r  
    W5                                                0.000     0.000 r  clk (IN)
                         net (fo=0)                   0.000     0.000    clk
    W5                   IBUF (Prop_ibuf_I_O)         0.226     0.226 r  clk_IBUF_inst/O
                         net (fo=1, routed)           0.631     0.858    clk_IBUF
    BUFGCTRL_X0Y0        BUFG (Prop_bufg_I_O)         0.026     0.884 r  clk_IBUF_BUFG_inst/O
                         net (fo=20, routed)          0.590     1.473    clk_IBUF_BUFG
    SLICE_X0Y16          FDRE                                         r  count_reg[16]/C
  -------------------------------------------------------------------    -------------------
    SLICE_X0Y16          FDRE (Prop_fdre_C_Q)         0.141     1.614 r  count_reg[16]/Q
                         net (fo=1, routed)           0.176     1.791    count_reg_n_0_[16]
    SLICE_X0Y16          CARRY4 (Prop_carry4_S[0]_O[1])
                                                      0.151     1.942 r  count_reg[16]_i_1/O[1]
                         net (fo=1, routed)           0.000     1.942    count_reg[16]_i_1_n_6
    SLICE_X0Y16          FDRE                                         r  count_reg[17]/D
  -------------------------------------------------------------------    -------------------

                         (clock sys_clk_pin rise edge)
                                                      0.000     0.000 r  
    W5                                                0.000     0.000 r  clk (IN)
                         net (fo=0)                   0.000     0.000    clk
    W5                   IBUF (Prop_ibuf_I_O)         0.414     0.414 r  clk_IBUF_inst/O
                         net (fo=1, routed)           0.685     1.099    clk_IBUF
    BUFGCTRL_X0Y0        BUFG (Prop_bufg_I_O)         0.029     1.128 r  clk_IBUF_BUFG_inst/O
                         net (fo=20, routed)          0.859     1.986    clk_IBUF_BUFG
    SLICE_X0Y16          FDRE                                         r  count_reg[17]/C
                         clock pessimism             -0.513     1.473    
    SLICE_X0Y16          FDRE (Hold_fdre_C_D)         0.105     1.578    count_reg[17]
  -------------------------------------------------------------------
                         required time                         -1.578    
                         arrival time                           1.942    
  -------------------------------------------------------------------
                         slack                                  0.363    

Slack (MET) :             0.363ns  (arrival time - required time)
  Source:                 count_reg[12]/C
                            (rising edge-triggered cell FDRE clocked by sys_clk_pin  {rise@0.000ns fall@5.000ns period=10.000ns})
  Destination:            count_reg[13]/D
                            (rising edge-triggered cell FDRE clocked by sys_clk_pin  {rise@0.000ns fall@5.000ns period=10.000ns})
  Path Group:             sys_clk_pin
  Path Type:              Hold (Min at Fast Process Corner)
  Requirement:            0.000ns  (sys_clk_pin rise@0.000ns - sys_clk_pin rise@0.000ns)
  Data Path Delay:        0.468ns  (logic 0.292ns (62.334%)  route 0.176ns (37.666%))
  Logic Levels:           1  (CARRY4=1)
  Clock Path Skew:        0.000ns (DCD - SCD - CPR)
    Destination Clock Delay (DCD):    1.987ns
    Source Clock Delay      (SCD):    1.474ns
    Clock Pessimism Removal (CPR):    0.513ns

    Location             Delay type                Incr(ns)  Path(ns)    Netlist Resource(s)
  -------------------------------------------------------------------    -------------------
                         (clock sys_clk_pin rise edge)
                                                      0.000     0.000 r  
    W5                                                0.000     0.000 r  clk (IN)
                         net (fo=0)                   0.000     0.000    clk
    W5                   IBUF (Prop_ibuf_I_O)         0.226     0.226 r  clk_IBUF_inst/O
                         net (fo=1, routed)           0.631     0.858    clk_IBUF
    BUFGCTRL_X0Y0        BUFG (Prop_bufg_I_O)         0.026     0.884 r  clk_IBUF_BUFG_inst/O
                         net (fo=20, routed)          0.591     1.474    clk_IBUF_BUFG
    SLICE_X0Y15          FDRE                                         r  count_reg[12]/C
  -------------------------------------------------------------------    -------------------
    SLICE_X0Y15          FDRE (Prop_fdre_C_Q)         0.141     1.615 r  count_reg[12]/Q
                         net (fo=1, routed)           0.176     1.792    count_reg_n_0_[12]
    SLICE_X0Y15          CARRY4 (Prop_carry4_S[0]_O[1])
                                                      0.151     1.943 r  count_reg[12]_i_1/O[1]
                         net (fo=1, routed)           0.000     1.943    count_reg[12]_i_1_n_6
    SLICE_X0Y15          FDRE                                         r  count_reg[13]/D
  -------------------------------------------------------------------    -------------------

                         (clock sys_clk_pin rise edge)
                                                      0.000     0.000 r  
    W5                                                0.000     0.000 r  clk (IN)
                         net (fo=0)                   0.000     0.000    clk
    W5                   IBUF (Prop_ibuf_I_O)         0.414     0.414 r  clk_IBUF_inst/O
                         net (fo=1, routed)           0.685     1.099    clk_IBUF
    BUFGCTRL_X0Y0        BUFG (Prop_bufg_I_O)         0.029     1.128 r  clk_IBUF_BUFG_inst/O
                         net (fo=20, routed)          0.860     1.987    clk_IBUF_BUFG
    SLICE_X0Y15          FDRE                                         r  count_reg[13]/C
                         clock pessimism             -0.513     1.474    
    SLICE_X0Y15          FDRE (Hold_fdre_C_D)         0.105     1.579    count_reg[13]
  -------------------------------------------------------------------
                         required time                         -1.579    
                         arrival time                           1.943    
  -------------------------------------------------------------------
                         slack                                  0.363    

Slack (MET) :             0.400ns  (arrival time - required time)
  Source:                 count_reg[0]/C
                            (rising edge-triggered cell FDRE clocked by sys_clk_pin  {rise@0.000ns fall@5.000ns period=10.000ns})
  Destination:            count_reg[2]/D
                            (rising edge-triggered cell FDRE clocked by sys_clk_pin  {rise@0.000ns fall@5.000ns period=10.000ns})
  Path Group:             sys_clk_pin
  Path Type:              Hold (Min at Fast Process Corner)
  Requirement:            0.000ns  (sys_clk_pin rise@0.000ns - sys_clk_pin rise@0.000ns)
  Data Path Delay:        0.505ns  (logic 0.332ns (65.795%)  route 0.173ns (34.205%))
  Logic Levels:           2  (CARRY4=1 LUT1=1)
  Clock Path Skew:        0.000ns (DCD - SCD - CPR)
    Destination Clock Delay (DCD):    1.989ns
    Source Clock Delay      (SCD):    1.475ns
    Clock Pessimism Removal (CPR):    0.514ns

    Location             Delay type                Incr(ns)  Path(ns)    Netlist Resource(s)
  -------------------------------------------------------------------    -------------------
                         (clock sys_clk_pin rise edge)
                                                      0.000     0.000 r  
    W5                                                0.000     0.000 r  clk (IN)
                         net (fo=0)                   0.000     0.000    clk
    W5                   IBUF (Prop_ibuf_I_O)         0.226     0.226 r  clk_IBUF_inst/O
                         net (fo=1, routed)           0.631     0.858    clk_IBUF
    BUFGCTRL_X0Y0        BUFG (Prop_bufg_I_O)         0.026     0.884 r  clk_IBUF_BUFG_inst/O
                         net (fo=20, routed)          0.592     1.475    clk_IBUF_BUFG
    SLICE_X0Y12          FDRE                                         r  count_reg[0]/C
  -------------------------------------------------------------------    -------------------
    SLICE_X0Y12          FDRE (Prop_fdre_C_Q)         0.141     1.616 f  count_reg[0]/Q
                         net (fo=1, routed)           0.173     1.789    count_reg_n_0_[0]
    SLICE_X0Y12          LUT1 (Prop_lut1_I0_O)        0.045     1.834 r  count[0]_i_2/O
                         net (fo=1, routed)           0.000     1.834    count[0]_i_2_n_0
    SLICE_X0Y12          CARRY4 (Prop_carry4_S[0]_O[2])
                                                      0.146     1.980 r  count_reg[0]_i_1/O[2]
                         net (fo=1, routed)           0.000     1.980    count_reg[0]_i_1_n_5
    SLICE_X0Y12          FDRE                                         r  count_reg[2]/D
  -------------------------------------------------------------------    -------------------

                         (clock sys_clk_pin rise edge)
                                                      0.000     0.000 r  
    W5                                                0.000     0.000 r  clk (IN)
                         net (fo=0)                   0.000     0.000    clk
    W5                   IBUF (Prop_ibuf_I_O)         0.414     0.414 r  clk_IBUF_inst/O
                         net (fo=1, routed)           0.685     1.099    clk_IBUF
    BUFGCTRL_X0Y0        BUFG (Prop_bufg_I_O)         0.029     1.128 r  clk_IBUF_BUFG_inst/O
                         net (fo=20, routed)          0.862     1.989    clk_IBUF_BUFG
    SLICE_X0Y12          FDRE                                         r  count_reg[2]/C
                         clock pessimism             -0.514     1.475    
    SLICE_X0Y12          FDRE (Hold_fdre_C_D)         0.105     1.580    count_reg[2]
  -------------------------------------------------------------------
                         required time                         -1.580    
                         arrival time                           1.980    
  -------------------------------------------------------------------
                         slack                                  0.400    





Pulse Width Checks
--------------------------------------------------------------------------------------
Clock Name:         sys_clk_pin
Waveform(ns):       { 0.000 5.000 }
Period(ns):         10.000
Sources:            { clk }

Check Type        Corner  Lib Pin  Reference Pin  Required(ns)  Actual(ns)  Slack(ns)  Location       Pin
Min Period        n/a     BUFG/I   n/a            2.155         10.000      7.845      BUFGCTRL_X0Y0  clk_IBUF_BUFG_inst/I
Min Period        n/a     FDRE/C   n/a            1.000         10.000      9.000      SLICE_X0Y12    count_reg[0]/C
Min Period        n/a     FDRE/C   n/a            1.000         10.000      9.000      SLICE_X0Y14    count_reg[10]/C
Min Period        n/a     FDRE/C   n/a            1.000         10.000      9.000      SLICE_X0Y14    count_reg[11]/C
Min Period        n/a     FDRE/C   n/a            1.000         10.000      9.000      SLICE_X0Y15    count_reg[12]/C
Min Period        n/a     FDRE/C   n/a            1.000         10.000      9.000      SLICE_X0Y15    count_reg[13]/C
Min Period        n/a     FDRE/C   n/a            1.000         10.000      9.000      SLICE_X0Y15    count_reg[14]/C
Min Period        n/a     FDRE/C   n/a            1.000         10.000      9.000      SLICE_X0Y15    count_reg[15]/C
Min Period        n/a     FDRE/C   n/a            1.000         10.000      9.000      SLICE_X0Y16    count_reg[16]/C
Min Period        n/a     FDRE/C   n/a            1.000         10.000      9.000      SLICE_X0Y16    count_reg[17]/C
Low Pulse Width   Fast    FDRE/C   n/a            0.500         5.000       4.500      SLICE_X0Y12    count_reg[0]/C
Low Pulse Width   Fast    FDRE/C   n/a            0.500         5.000       4.500      SLICE_X0Y14    count_reg[10]/C
Low Pulse Width   Fast    FDRE/C   n/a            0.500         5.000       4.500      SLICE_X0Y14    count_reg[11]/C
Low Pulse Width   Fast    FDRE/C   n/a            0.500         5.000       4.500      SLICE_X0Y15    count_reg[12]/C
Low Pulse Width   Fast    FDRE/C   n/a            0.500         5.000       4.500      SLICE_X0Y15    count_reg[13]/C
Low Pulse Width   Fast    FDRE/C   n/a            0.500         5.000       4.500      SLICE_X0Y15    count_reg[14]/C
Low Pulse Width   Fast    FDRE/C   n/a            0.500         5.000       4.500      SLICE_X0Y15    count_reg[15]/C
Low Pulse Width   Fast    FDRE/C   n/a            0.500         5.000       4.500      SLICE_X0Y16    count_reg[16]/C
Low Pulse Width   Fast    FDRE/C   n/a            0.500         5.000       4.500      SLICE_X0Y16    count_reg[17]/C
Low Pulse Width   Fast    FDRE/C   n/a            0.500         5.000       4.500      SLICE_X0Y16    count_reg[18]/C
High Pulse Width  Slow    FDRE/C   n/a            0.500         5.000       4.500      SLICE_X0Y15    count_reg[12]/C
High Pulse Width  Slow    FDRE/C   n/a            0.500         5.000       4.500      SLICE_X0Y15    count_reg[13]/C
High Pulse Width  Slow    FDRE/C   n/a            0.500         5.000       4.500      SLICE_X0Y15    count_reg[14]/C
High Pulse Width  Slow    FDRE/C   n/a            0.500         5.000       4.500      SLICE_X0Y15    count_reg[15]/C
High Pulse Width  Slow    FDRE/C   n/a            0.500         5.000       4.500      SLICE_X0Y16    count_reg[16]/C
High Pulse Width  Fast    FDRE/C   n/a            0.500         5.000       4.500      SLICE_X0Y16    count_reg[16]/C
High Pulse Width  Slow    FDRE/C   n/a            0.500         5.000       4.500      SLICE_X0Y16    count_reg[17]/C
High Pulse Width  Fast    FDRE/C   n/a            0.500         5.000       4.500      SLICE_X0Y16    count_reg[17]/C
High Pulse Width  Slow    FDRE/C   n/a            0.500         5.000       4.500      SLICE_X0Y16    count_reg[18]/C
High Pulse Width  Fast    FDRE/C   n/a            0.500         5.000       4.500      SLICE_X0Y16    count_reg[18]/C



